  imgui-SFML.cpp
D:\Shejin\Projects\C++\Gravity Simulation\libraries\imgui\imgui-SFML.cpp(571,65): warning C4244: 'argument': conversion from 'const unsigned int' to 'float', possible loss of data
D:\Shejin\Projects\C++\Gravity Simulation\libraries\imgui\imgui-SFML.cpp(571,47): warning C4244: 'argument': conversion from 'const unsigned int' to 'float', possible loss of data
D:\Shejin\Projects\C++\Gravity Simulation\libraries\imgui\imgui-SFML.cpp(574,67): warning C4244: 'argument': conversion from 'const int' to 'float', possible loss of data
D:\Shejin\Projects\C++\Gravity Simulation\libraries\imgui\imgui-SFML.cpp(574,48): warning C4244: 'argument': conversion from 'const int' to 'float', possible loss of data
  imgui.cpp
  imgui_demo.cpp
  imgui_draw.cpp
  imgui_tables.cpp
  imgui_widgets.cpp
  main.cpp
D:\Shejin\Projects\C++\Gravity Simulation\src\vector2.cpp(129,1): warning C4305: '*=': truncation from 'double' to 'float'
D:\Shejin\Projects\C++\Gravity Simulation\src\main.cpp(30,67): warning C4244: 'argument': conversion from 'double' to 'T', possible loss of data
          with
          [
              T=float
          ]
D:\Shejin\Projects\C++\Gravity Simulation\src\main.cpp(30,48): warning C4244: 'argument': conversion from 'double' to 'T', possible loss of data
          with
          [
              T=float
          ]
D:\Shejin\Projects\C++\Gravity Simulation\src\main.cpp(72,44): warning C4244: 'argument': conversion from 'int' to 'const float', possible loss of data
D:\Shejin\Projects\C++\Gravity Simulation\src\main.cpp(80,41): warning C4244: 'argument': conversion from 'int' to 'const float', possible loss of data
D:\Shejin\Projects\C++\Gravity Simulation\src\main.cpp(102,38): warning C4305: 'argument': truncation from 'double' to 'float'
D:\Shejin\Projects\C++\Gravity Simulation\src\main.cpp(127,12): warning C4244: 'initializing': conversion from 'float' to 'int', possible loss of data
D:\Shejin\Projects\C++\Gravity Simulation\src\main.cpp(131,60): warning C4244: 'argument': conversion from 'T' to 'float', possible loss of data
          with
          [
              T=unsigned int
          ]
  vector2.cpp
D:\Shejin\Projects\C++\Gravity Simulation\src\vector2.cpp(129,1): warning C4305: '*=': truncation from 'double' to 'float'
  Generating code
  Previous IPDB not found, fall back to full compilation.
  All 2147 functions were compiled because no usable IPDB/IOBJ from previous compilation was found.
  Finished generating code
  Gravity Simulation.vcxproj -> D:\Shejin\Projects\C++\Gravity Simulation\x64\Release\Gravity Simulation.exe
